Arguments: 
  /usr/bin/node /usr/bin/yarn

PATH: 
  /home/student/.vscode-server/bin/b3e4e68a0bc097f0ae7907b217c1119af9e03435/bin/remote-cli:/usr/local/sbin:/usr/local/bin:/usr/sbin:/usr/bin:/sbin:/bin:/usr/games:/usr/local/games:/snap/bin

Yarn version: 
  1.22.19

Node version: 
  16.15.1

Platform: 
  linux x64

Trace: 
  Error: EACCES: permission denied, mkdir '/var/www/html/projet-02-good-lock/back/node_modules/abbrev'

npm manifest: 
  {
    "name": "back",
    "version": "1.0.0",
    "description": "",
    "main": "index.js",
    "scripts": {
      "________________ development ________________": "",
      "dev": "nodemon server.js",
      "________________ deployment ________________": "",
      "db:migrate": "sequelize db:migrate --debug",
      "db:seed": "sequelize db:seed --debug",
      "db:undomigrate": "sequelize db:migrate:undo",
      "________________ implementation details ________________": "",
      "introspect": "sequelize-auto -o \"./models\" -d good_lock -h localhost -u root -p 3306 -x toor -e mysql"
    },
    "keywords": [],
    "author": "",
    "license": "ISC",
    "dependencies": {
      "bcryptjs": "^2.4.3",
      "cors": "^2.8.5",
      "dotenv": "^16.0.3",
      "express": "^4.18.2",
      "express-rate-limit": "^6.7.0",
      "helmet": "^7.0.0",
      "jsonwebtoken": "^9.0.0",
      "morgan": "^1.10.0",
      "multer": "^1.4.5-lts.1",
      "mysql2": "^3.3.3",
      "nodejs-nodemailer-outlook": "^1.2.4",
      "nodemailer": "^6.9.3",
      "nodemon": "^2.0.22",
      "sequelize": "^6.31.1",
      "sequelize-cli": "^6.6.0"
    },
    "devDependencies": {
      "sequelize-auto": "^0.8.8"
    }
  }

yarn manifest: 
  No manifest

Lockfile: 
  No lockfile
